<?xml version="1.0" encoding="UTF-8"?>
<!-- Generated by org.testng.reporters.JUnitReportReporter -->
<testsuite hostname="Pratikshyas-MacBook-Air.local" failures="0" tests="1" name="restAssuredTests.Demo2_Post_Request" time="3.865" errors="0" timestamp="2025-03-24T11:39:49 IST" skipped="0">
  <testcase classname="restAssuredTests.Demo2_Post_Request" name="postUserDetails" time="3.865"/>
</testsuite> <!-- restAssuredTests.Demo2_Post_Request -->
