<?xml version="1.0" encoding="UTF-8"?>
<!-- Generated by org.testng.reporters.JUnitReportReporter -->
<testsuite hostname="Pratikshyas-MacBook-Air.local" failures="0" tests="2" name="restAssuredTests.TestWithNoSerialization" time="4.943" errors="0" timestamp="2025-03-25T14:09:24 IST" skipped="0">
  <testcase classname="restAssuredTests.TestWithNoSerialization" name="createNewStudent" time="4.699"/>
  <testcase classname="restAssuredTests.TestWithNoSerialization" name="getNewStudent" time="0.244"/>
</testsuite> <!-- restAssuredTests.TestWithNoSerialization -->
