<?xml version="1.0" encoding="UTF-8"?>
<!-- Generated by org.testng.reporters.JUnitReportReporter -->
<testsuite hostname="Pratikshyas-MacBook-Air.local" failures="0" tests="1" name="restAssuredTests.Demo2_Put_Request" time="3.847" errors="0" timestamp="2025-03-24T11:56:11 IST" skipped="0">
  <testcase classname="restAssuredTests.Demo2_Put_Request" name="postUserDetails" time="3.847"/>
</testsuite> <!-- restAssuredTests.Demo2_Put_Request -->
