<?xml version="1.0" encoding="UTF-8"?>
<!-- Generated by org.testng.reporters.JUnitReportReporter -->
<testsuite hostname="Pratikshyas-MacBook-Air.local" failures="0" tests="1" name="restAssuredTests.SeleniumDemo" time="8.485" errors="0" timestamp="2025-04-10T14:21:54 IST" skipped="0">
  <testcase classname="restAssuredTests.SeleniumDemo" name="setUp" time="8.485"/>
</testsuite> <!-- restAssuredTests.SeleniumDemo -->
