<?xml version="1.0" encoding="UTF-8"?>
<!-- Generated by org.testng.reporters.JUnitReportReporter -->
<testsuite hostname="Pratikshyas-MacBook-Air.local" failures="0" tests="1" name="restAssuredTests.Demo2_Delete_Request2" time="3.355" errors="0" timestamp="2025-03-24T13:40:55 IST" skipped="0">
  <testcase classname="restAssuredTests.Demo2_Delete_Request2" name="postUserDetails" time="3.355"/>
</testsuite> <!-- restAssuredTests.Demo2_Delete_Request2 -->
