<?xml version="1.0" encoding="UTF-8"?>
<!-- Generated by org.testng.reporters.JUnitReportReporter -->
<testsuite hostname="Pratikshyas-MacBook-Air.local" failures="0" tests="1" name="restAssuredTests.SeleniumDemo" time="10.641" errors="0" timestamp="2025-03-25T20:35:25 IST" skipped="0">
  <testcase classname="restAssuredTests.SeleniumDemo" name="handleAutoSuggestion" time="10.641"/>
</testsuite> <!-- restAssuredTests.SeleniumDemo -->
