<?xml version="1.0" encoding="UTF-8"?>
<!-- Generated by org.testng.reporters.JUnitReportReporter -->
<testsuite hostname="Pratikshyas-MacBook-Air.local" failures="0" tests="1" name="restAssuredTests.Demo1_Get_Request" time="4.072" errors="0" timestamp="2025-03-20T10:35:44 IST" skipped="0">
  <testcase classname="restAssuredTests.Demo1_Get_Request" name="getWeatherDetails" time="4.072"/>
</testsuite> <!-- restAssuredTests.Demo1_Get_Request -->
