<?xml version="1.0" encoding="UTF-8"?>
<!-- Generated by org.testng.reporters.JUnitReportReporter -->
<testsuite hostname="Pratikshyas-MacBook-Air.local" failures="0" tests="3" name="restAssuredTests.Demo_Basic_Validation" time="5.407" errors="0" timestamp="2025-03-25T10:32:00 IST" skipped="0">
  <testcase classname="restAssuredTests.Demo_Basic_Validation" name="testStatusCode" time="4.172"/>
  <testcase classname="restAssuredTests.Demo_Basic_Validation" name="testLogging" time="1.029"/>
  <testcase classname="restAssuredTests.Demo_Basic_Validation" name="testMultipleContents" time="0.206"/>
</testsuite> <!-- restAssuredTests.Demo_Basic_Validation -->
